<?xml version="1.0" encoding="UTF-8"?>
<!-- Generated by org.testng.reporters.JUnitXMLReporter -->
<testsuite ignored="0" hostname="DESKTOP-RGJMVDJ" failures="4" tests="4" name="Test cases" time="0.281" errors="0" timestamp="09 Oct 2023 09:03:02 GMT">
  <testcase classname="lognTestCase.CorrectUserName" name="logInWithCorrectUserName" time="0.0">
    <failure type="org.testng.TestNGException" message="
Parameter &amp;apos;username&amp;apos; is required by @Test on method logInWithCorrectUserName but has not been marked @Optional or defined
in C:\Users\akrah\eclipse-workspace\SeleniumLearning\testng.xml">
      <![CDATA[org.testng.TestNGException: 
Parameter 'username' is required by @Test on method logInWithCorrectUserName but has not been marked @Optional or defined
in C:\Users\akrah\eclipse-workspace\SeleniumLearning\testng.xml
... Removed 23 stack frames]]>
    </failure>
  </testcase> <!-- logInWithCorrectUserName -->
  <testcase classname="lognTestCase.BothCorrect" name="loginUsingBothCorrect" time="0.0">
    <failure type="org.testng.TestNGException" message="
Parameter &amp;apos;username&amp;apos; is required by @Test on method loginUsingBothCorrect but has not been marked @Optional or defined
in C:\Users\akrah\eclipse-workspace\SeleniumLearning\testng.xml">
      <![CDATA[org.testng.TestNGException: 
Parameter 'username' is required by @Test on method loginUsingBothCorrect but has not been marked @Optional or defined
in C:\Users\akrah\eclipse-workspace\SeleniumLearning\testng.xml
... Removed 23 stack frames]]>
    </failure>
  </testcase> <!-- loginUsingBothCorrect -->
  <testcase classname="lognTestCase.BothIncorrect" name="loginUsingBothInCorrect" time="0.0">
    <failure type="org.testng.TestNGException" message="
Parameter &amp;apos;username&amp;apos; is required by @Test on method loginUsingBothInCorrect but has not been marked @Optional or defined
in C:\Users\akrah\eclipse-workspace\SeleniumLearning\testng.xml">
      <![CDATA[org.testng.TestNGException: 
Parameter 'username' is required by @Test on method loginUsingBothInCorrect but has not been marked @Optional or defined
in C:\Users\akrah\eclipse-workspace\SeleniumLearning\testng.xml
... Removed 23 stack frames]]>
    </failure>
  </testcase> <!-- loginUsingBothInCorrect -->
  <testcase classname="lognTestCase.CorrectPassword" name="loginWithCorrectPassword" time="0.0">
    <failure type="org.testng.TestNGException" message="
Parameter &amp;apos;username&amp;apos; is required by @Test on method loginWithCorrectPassword but has not been marked @Optional or defined
in C:\Users\akrah\eclipse-workspace\SeleniumLearning\testng.xml">
      <![CDATA[org.testng.TestNGException: 
Parameter 'username' is required by @Test on method loginWithCorrectPassword but has not been marked @Optional or defined
in C:\Users\akrah\eclipse-workspace\SeleniumLearning\testng.xml
... Removed 23 stack frames]]>
    </failure>
  </testcase> <!-- loginWithCorrectPassword -->
</testsuite> <!-- Test cases -->
