<?xml version="1.0" encoding="UTF-8"?>
<!-- Generated by org.testng.reporters.JUnitXMLReporter -->
<testsuite ignored="0" hostname="DESKTOP-RGJMVDJ" failures="2" tests="8" name="Test" time="0.472" errors="0" timestamp="14 Oct 2023 11:04:26 GMT">
  <testcase classname="seleniumInterview.RerunFailedTestCase" name="test1" time="0.253">
    <skipped/>
  </testcase> <!-- test1 -->
  <testcase classname="seleniumInterview.RerunFailedTestCase" name="test1" time="0.01">
    <skipped/>
  </testcase> <!-- test1 -->
  <testcase classname="seleniumInterview.RerunFailedTestCase" name="test1" time="0.006">
    <skipped/>
  </testcase> <!-- test1 -->
  <testcase classname="seleniumInterview.RerunFailedTestCase" name="test1" time="0.01">
    <failure type="junit.framework.AssertionFailedError" message="expected:&amp;lt;true&amp;gt; but was:&amp;lt;false&amp;gt;">
      <![CDATA[junit.framework.AssertionFailedError: expected:<true> but was:<false>
	at junit.framework.Assert.fail(Assert.java:57)
	at junit.framework.Assert.failNotEquals(Assert.java:329)
	at junit.framework.Assert.assertEquals(Assert.java:78)
	at junit.framework.Assert.assertEquals(Assert.java:174)
	at junit.framework.Assert.assertEquals(Assert.java:181)
	at seleniumInterview.RerunFailedTestCase.test1(RerunFailedTestCase.java:13)
... Removed 25 stack frames]]>
    </failure>
  </testcase> <!-- test1 -->
  <testcase classname="seleniumInterview.RerunFailedTestCase" name="test2" time="0.016">
    <skipped/>
  </testcase> <!-- test2 -->
  <testcase classname="seleniumInterview.RerunFailedTestCase" name="test2" time="0.012">
    <skipped/>
  </testcase> <!-- test2 -->
  <testcase classname="seleniumInterview.RerunFailedTestCase" name="test2" time="0.009">
    <skipped/>
  </testcase> <!-- test2 -->
  <testcase classname="seleniumInterview.RerunFailedTestCase" name="test2" time="0.004">
    <failure type="junit.framework.AssertionFailedError" message="expected:&amp;lt;true&amp;gt; but was:&amp;lt;false&amp;gt;">
      <![CDATA[junit.framework.AssertionFailedError: expected:<true> but was:<false>
	at junit.framework.Assert.fail(Assert.java:57)
	at junit.framework.Assert.failNotEquals(Assert.java:329)
	at junit.framework.Assert.assertEquals(Assert.java:78)
	at junit.framework.Assert.assertEquals(Assert.java:174)
	at junit.framework.Assert.assertEquals(Assert.java:181)
	at seleniumInterview.RerunFailedTestCase.test2(RerunFailedTestCase.java:19)
... Removed 25 stack frames]]>
    </failure>
  </testcase> <!-- test2 -->
</testsuite> <!-- Test -->
